{"D:\\Algocamp\\AlgoCodeBackend\\Algocode-Problem-Service\\src\\controllers\\problem.controller.js": {"path":"D:\\Algocamp\\AlgoCodeBackend\\Algocode-Problem-Service\\src\\controllers\\problem.controller.js","statementMap":{"0":{"start":{"line":1,"column":23},"end":{"line":1,"column":64}},"1":{"start":{"line":2,"column":27},"end":{"line":2,"column":49}},"2":{"start":{"line":3,"column":30},"end":{"line":3,"column":56}},"3":{"start":{"line":4,"column":24},"end":{"line":4,"column":52}},"4":{"start":{"line":6,"column":23},"end":{"line":6,"column":66}},"5":{"start":{"line":9,"column":2},"end":{"line":9,"column":68}},"6":{"start":{"line":13,"column":2},"end":{"line":24,"column":3}},"7":{"start":{"line":14,"column":4},"end":{"line":14,"column":47}},"8":{"start":{"line":15,"column":23},"end":{"line":15,"column":67}},"9":{"start":{"line":16,"column":4},"end":{"line":21,"column":7}},"10":{"start":{"line":23,"column":4},"end":{"line":23,"column":16}},"11":{"start":{"line":28,"column":2},"end":{"line":38,"column":3}},"12":{"start":{"line":29,"column":20},"end":{"line":29,"column":66}},"13":{"start":{"line":30,"column":4},"end":{"line":35,"column":7}},"14":{"start":{"line":37,"column":4},"end":{"line":37,"column":16}},"15":{"start":{"line":42,"column":2},"end":{"line":53,"column":3}},"16":{"start":{"line":43,"column":21},"end":{"line":43,"column":58}},"17":{"start":{"line":45,"column":4},"end":{"line":50,"column":7}},"18":{"start":{"line":52,"column":4},"end":{"line":52,"column":16}},"19":{"start":{"line":57,"column":2},"end":{"line":68,"column":3}},"20":{"start":{"line":58,"column":20},"end":{"line":58,"column":69}},"21":{"start":{"line":60,"column":4},"end":{"line":65,"column":7}},"22":{"start":{"line":67,"column":4},"end":{"line":67,"column":16}},"23":{"start":{"line":72,"column":2},"end":{"line":83,"column":3}},"24":{"start":{"line":73,"column":27},"end":{"line":73,"column":86}},"25":{"start":{"line":75,"column":4},"end":{"line":80,"column":7}},"26":{"start":{"line":82,"column":4},"end":{"line":82,"column":16}},"27":{"start":{"line":86,"column":0},"end":{"line":93,"column":2}}},"fnMap":{"0":{"name":"pingProblemController","decl":{"start":{"line":8,"column":9},"end":{"line":8,"column":30}},"loc":{"start":{"line":8,"column":41},"end":{"line":10,"column":1}},"line":8},"1":{"name":"addProblem","decl":{"start":{"line":12,"column":15},"end":{"line":12,"column":25}},"loc":{"start":{"line":12,"column":42},"end":{"line":25,"column":1}},"line":12},"2":{"name":"getProblem","decl":{"start":{"line":27,"column":15},"end":{"line":27,"column":25}},"loc":{"start":{"line":27,"column":42},"end":{"line":39,"column":1}},"line":27},"3":{"name":"getProblems","decl":{"start":{"line":41,"column":15},"end":{"line":41,"column":26}},"loc":{"start":{"line":41,"column":43},"end":{"line":54,"column":1}},"line":41},"4":{"name":"deleteProblem","decl":{"start":{"line":56,"column":15},"end":{"line":56,"column":28}},"loc":{"start":{"line":56,"column":45},"end":{"line":69,"column":1}},"line":56},"5":{"name":"updateProblem","decl":{"start":{"line":71,"column":15},"end":{"line":71,"column":28}},"loc":{"start":{"line":71,"column":45},"end":{"line":84,"column":1}},"line":71}},"branchMap":{},"s":{"0":1,"1":1,"2":1,"3":1,"4":1,"5":0,"6":0,"7":0,"8":0,"9":0,"10":0,"11":0,"12":0,"13":0,"14":0,"15":1,"16":1,"17":1,"18":0,"19":0,"20":0,"21":0,"22":0,"23":0,"24":0,"25":0,"26":0,"27":1},"f":{"0":0,"1":0,"2":0,"3":1,"4":0,"5":0},"b":{},"_coverageSchema":"1a1c01bbd47fc00a2c39e90264f33305004495a9","hash":"db3512d40f10cc1d0d1343e68742799bbaa79d43"}
,"D:\\Algocamp\\AlgoCodeBackend\\Algocode-Problem-Service\\src\\errors\\base.error.js": {"path":"D:\\Algocamp\\AlgoCodeBackend\\Algocode-Problem-Service\\src\\errors\\base.error.js","statementMap":{"0":{"start":{"line":3,"column":4},"end":{"line":3,"column":23}},"1":{"start":{"line":4,"column":4},"end":{"line":4,"column":21}},"2":{"start":{"line":5,"column":4},"end":{"line":5,"column":33}},"3":{"start":{"line":6,"column":4},"end":{"line":6,"column":27}},"4":{"start":{"line":10,"column":0},"end":{"line":10,"column":27}}},"fnMap":{"0":{"name":"(anonymous_0)","decl":{"start":{"line":2,"column":2},"end":{"line":2,"column":3}},"loc":{"start":{"line":2,"column":54},"end":{"line":7,"column":3}},"line":2}},"branchMap":{},"s":{"0":0,"1":0,"2":0,"3":0,"4":1},"f":{"0":0},"b":{},"_coverageSchema":"1a1c01bbd47fc00a2c39e90264f33305004495a9","hash":"02ac309e6ff8b4aa2c517c494bbf7a27a6bec331"}
,"D:\\Algocamp\\AlgoCodeBackend\\Algocode-Problem-Service\\src\\errors\\notFound.error.js": {"path":"D:\\Algocamp\\AlgoCodeBackend\\Algocode-Problem-Service\\src\\errors\\notFound.error.js","statementMap":{"0":{"start":{"line":1,"column":24},"end":{"line":1,"column":52}},"1":{"start":{"line":2,"column":18},"end":{"line":2,"column":41}},"2":{"start":{"line":6,"column":4},"end":{"line":14,"column":6}},"3":{"start":{"line":18,"column":0},"end":{"line":18,"column":26}}},"fnMap":{"0":{"name":"(anonymous_0)","decl":{"start":{"line":5,"column":2},"end":{"line":5,"column":3}},"loc":{"start":{"line":5,"column":43},"end":{"line":15,"column":3}},"line":5}},"branchMap":{},"s":{"0":1,"1":1,"2":0,"3":1},"f":{"0":0},"b":{},"_coverageSchema":"1a1c01bbd47fc00a2c39e90264f33305004495a9","hash":"2ed15a07657d7ae1995283839a8911ee6958ae3a"}
,"D:\\Algocamp\\AlgoCodeBackend\\Algocode-Problem-Service\\src\\errors\\notInplemented.error.js": {"path":"D:\\Algocamp\\AlgoCodeBackend\\Algocode-Problem-Service\\src\\errors\\notInplemented.error.js","statementMap":{"0":{"start":{"line":1,"column":24},"end":{"line":1,"column":52}},"1":{"start":{"line":2,"column":18},"end":{"line":2,"column":41}},"2":{"start":{"line":6,"column":4},"end":{"line":11,"column":6}},"3":{"start":{"line":15,"column":0},"end":{"line":15,"column":32}}},"fnMap":{"0":{"name":"(anonymous_0)","decl":{"start":{"line":5,"column":2},"end":{"line":5,"column":3}},"loc":{"start":{"line":5,"column":26},"end":{"line":12,"column":3}},"line":5}},"branchMap":{},"s":{"0":1,"1":1,"2":0,"3":1},"f":{"0":0},"b":{},"_coverageSchema":"1a1c01bbd47fc00a2c39e90264f33305004495a9","hash":"29f6bbbea2a5cfcfacc12f1c0f1b355756a5439c"}
,"D:\\Algocamp\\AlgoCodeBackend\\Algocode-Problem-Service\\src\\models\\index.js": {"path":"D:\\Algocamp\\AlgoCodeBackend\\Algocode-Problem-Service\\src\\models\\index.js","statementMap":{"0":{"start":{"line":1,"column":0},"end":{"line":3,"column":1}}},"fnMap":{},"branchMap":{},"s":{"0":1},"f":{},"b":{},"_coverageSchema":"1a1c01bbd47fc00a2c39e90264f33305004495a9","hash":"0c330dd516b8f8f4992680257190c92e7bc2ccc6"}
,"D:\\Algocamp\\AlgoCodeBackend\\Algocode-Problem-Service\\src\\models\\problem.model.js": {"path":"D:\\Algocamp\\AlgoCodeBackend\\Algocode-Problem-Service\\src\\models\\problem.model.js","statementMap":{"0":{"start":{"line":1,"column":17},"end":{"line":1,"column":36}},"1":{"start":{"line":3,"column":22},"end":{"line":33,"column":2}},"2":{"start":{"line":35,"column":16},"end":{"line":35,"column":56}},"3":{"start":{"line":37,"column":0},"end":{"line":37,"column":25}}},"fnMap":{},"branchMap":{},"s":{"0":1,"1":1,"2":1,"3":1},"f":{},"b":{},"_coverageSchema":"1a1c01bbd47fc00a2c39e90264f33305004495a9","hash":"e9c570d093c1416b7ccdc771615b716e09dfd34b"}
,"D:\\Algocamp\\AlgoCodeBackend\\Algocode-Problem-Service\\src\\repositories\\index.js": {"path":"D:\\Algocamp\\AlgoCodeBackend\\Algocode-Problem-Service\\src\\repositories\\index.js","statementMap":{"0":{"start":{"line":1,"column":0},"end":{"line":3,"column":1}}},"fnMap":{},"branchMap":{},"s":{"0":1},"f":{},"b":{},"_coverageSchema":"1a1c01bbd47fc00a2c39e90264f33305004495a9","hash":"41b91a45bf5f527230880a617bc517a80a48b91e"}
,"D:\\Algocamp\\AlgoCodeBackend\\Algocode-Problem-Service\\src\\repositories\\problem.repository.js": {"path":"D:\\Algocamp\\AlgoCodeBackend\\Algocode-Problem-Service\\src\\repositories\\problem.repository.js","statementMap":{"0":{"start":{"line":2,"column":17},"end":{"line":2,"column":52}},"1":{"start":{"line":3,"column":20},"end":{"line":3,"column":40}},"2":{"start":{"line":7,"column":4},"end":{"line":18,"column":5}},"3":{"start":{"line":8,"column":22},"end":{"line":12,"column":8}},"4":{"start":{"line":14,"column":6},"end":{"line":14,"column":21}},"5":{"start":{"line":16,"column":6},"end":{"line":16,"column":25}},"6":{"start":{"line":17,"column":6},"end":{"line":17,"column":18}},"7":{"start":{"line":22,"column":4},"end":{"line":29,"column":5}},"8":{"start":{"line":23,"column":23},"end":{"line":23,"column":45}},"9":{"start":{"line":25,"column":6},"end":{"line":25,"column":22}},"10":{"start":{"line":27,"column":6},"end":{"line":27,"column":25}},"11":{"start":{"line":28,"column":6},"end":{"line":28,"column":18}},"12":{"start":{"line":33,"column":4},"end":{"line":42,"column":5}},"13":{"start":{"line":34,"column":22},"end":{"line":34,"column":48}},"14":{"start":{"line":35,"column":6},"end":{"line":37,"column":7}},"15":{"start":{"line":36,"column":8},"end":{"line":36,"column":42}},"16":{"start":{"line":38,"column":6},"end":{"line":38,"column":21}},"17":{"start":{"line":40,"column":6},"end":{"line":40,"column":25}},"18":{"start":{"line":41,"column":6},"end":{"line":41,"column":18}},"19":{"start":{"line":46,"column":4},"end":{"line":57,"column":5}},"20":{"start":{"line":47,"column":22},"end":{"line":51,"column":8}},"21":{"start":{"line":53,"column":6},"end":{"line":53,"column":21}},"22":{"start":{"line":55,"column":6},"end":{"line":55,"column":25}},"23":{"start":{"line":56,"column":6},"end":{"line":56,"column":18}},"24":{"start":{"line":61,"column":4},"end":{"line":71,"column":5}},"25":{"start":{"line":62,"column":29},"end":{"line":62,"column":64}},"26":{"start":{"line":63,"column":6},"end":{"line":66,"column":7}},"27":{"start":{"line":65,"column":8},"end":{"line":65,"column":42}},"28":{"start":{"line":67,"column":6},"end":{"line":67,"column":28}},"29":{"start":{"line":69,"column":6},"end":{"line":69,"column":25}},"30":{"start":{"line":70,"column":6},"end":{"line":70,"column":18}},"31":{"start":{"line":75,"column":0},"end":{"line":75,"column":35}}},"fnMap":{"0":{"name":"(anonymous_0)","decl":{"start":{"line":6,"column":2},"end":{"line":6,"column":3}},"loc":{"start":{"line":6,"column":35},"end":{"line":19,"column":3}},"line":6},"1":{"name":"(anonymous_1)","decl":{"start":{"line":21,"column":2},"end":{"line":21,"column":3}},"loc":{"start":{"line":21,"column":25},"end":{"line":30,"column":3}},"line":21},"2":{"name":"(anonymous_2)","decl":{"start":{"line":32,"column":2},"end":{"line":32,"column":3}},"loc":{"start":{"line":32,"column":23},"end":{"line":43,"column":3}},"line":32},"3":{"name":"(anonymous_3)","decl":{"start":{"line":45,"column":2},"end":{"line":45,"column":3}},"loc":{"start":{"line":45,"column":39},"end":{"line":58,"column":3}},"line":45},"4":{"name":"(anonymous_4)","decl":{"start":{"line":60,"column":2},"end":{"line":60,"column":3}},"loc":{"start":{"line":60,"column":26},"end":{"line":72,"column":3}},"line":60}},"branchMap":{"0":{"loc":{"start":{"line":11,"column":19},"end":{"line":11,"column":69}},"type":"cond-expr","locations":[{"start":{"line":11,"column":43},"end":{"line":11,"column":64}},{"start":{"line":11,"column":67},"end":{"line":11,"column":69}}],"line":11},"1":{"loc":{"start":{"line":35,"column":6},"end":{"line":37,"column":7}},"type":"if","locations":[{"start":{"line":35,"column":6},"end":{"line":37,"column":7}},{"start":{},"end":{}}],"line":35},"2":{"loc":{"start":{"line":50,"column":19},"end":{"line":50,"column":69}},"type":"cond-expr","locations":[{"start":{"line":50,"column":43},"end":{"line":50,"column":64}},{"start":{"line":50,"column":67},"end":{"line":50,"column":69}}],"line":50},"3":{"loc":{"start":{"line":63,"column":6},"end":{"line":66,"column":7}},"type":"if","locations":[{"start":{"line":63,"column":6},"end":{"line":66,"column":7}},{"start":{},"end":{}}],"line":63}},"s":{"0":1,"1":1,"2":0,"3":0,"4":0,"5":0,"6":0,"7":0,"8":0,"9":0,"10":0,"11":0,"12":0,"13":0,"14":0,"15":0,"16":0,"17":0,"18":0,"19":0,"20":0,"21":0,"22":0,"23":0,"24":0,"25":0,"26":0,"27":0,"28":0,"29":0,"30":0,"31":1},"f":{"0":0,"1":0,"2":0,"3":0,"4":0},"b":{"0":[0,0],"1":[0,0],"2":[0,0],"3":[0,0]},"_coverageSchema":"1a1c01bbd47fc00a2c39e90264f33305004495a9","hash":"678bb4e2435f4d2d637442733f0ed21cfecf3a96"}
,"D:\\Algocamp\\AlgoCodeBackend\\Algocode-Problem-Service\\src\\services\\index.js": {"path":"D:\\Algocamp\\AlgoCodeBackend\\Algocode-Problem-Service\\src\\services\\index.js","statementMap":{"0":{"start":{"line":1,"column":0},"end":{"line":3,"column":1}}},"fnMap":{},"branchMap":{},"s":{"0":1},"f":{},"b":{},"_coverageSchema":"1a1c01bbd47fc00a2c39e90264f33305004495a9","hash":"a7c86b9af240e5e18eb84f3ff93289902ce31020"}
,"D:\\Algocamp\\AlgoCodeBackend\\Algocode-Problem-Service\\src\\services\\problem.service.js": {"path":"D:\\Algocamp\\AlgoCodeBackend\\Algocode-Problem-Service\\src\\services\\problem.service.js","statementMap":{"0":{"start":{"line":1,"column":32},"end":{"line":1,"column":69}},"1":{"start":{"line":5,"column":4},"end":{"line":5,"column":47}},"2":{"start":{"line":11,"column":6},"end":{"line":13,"column":8}},"3":{"start":{"line":15,"column":22},"end":{"line":15,"column":77}},"4":{"start":{"line":17,"column":6},"end":{"line":17,"column":21}},"5":{"start":{"line":22,"column":23},"end":{"line":22,"column":68}},"6":{"start":{"line":23,"column":6},"end":{"line":23,"column":22}},"7":{"start":{"line":27,"column":20},"end":{"line":27,"column":70}},"8":{"start":{"line":28,"column":4},"end":{"line":28,"column":19}},"9":{"start":{"line":32,"column":4},"end":{"line":32,"column":55}},"10":{"start":{"line":34,"column":27},"end":{"line":34,"column":93}},"11":{"start":{"line":36,"column":4},"end":{"line":36,"column":26}},"12":{"start":{"line":42,"column":20},"end":{"line":42,"column":73}},"13":{"start":{"line":44,"column":4},"end":{"line":44,"column":19}},"14":{"start":{"line":48,"column":0},"end":{"line":48,"column":32}}},"fnMap":{"0":{"name":"(anonymous_0)","decl":{"start":{"line":4,"column":2},"end":{"line":4,"column":3}},"loc":{"start":{"line":4,"column":33},"end":{"line":6,"column":3}},"line":4},"1":{"name":"(anonymous_1)","decl":{"start":{"line":8,"column":2},"end":{"line":8,"column":3}},"loc":{"start":{"line":8,"column":35},"end":{"line":19,"column":3}},"line":8},"2":{"name":"(anonymous_2)","decl":{"start":{"line":21,"column":2},"end":{"line":21,"column":3}},"loc":{"start":{"line":21,"column":25},"end":{"line":24,"column":3}},"line":21},"3":{"name":"(anonymous_3)","decl":{"start":{"line":26,"column":2},"end":{"line":26,"column":3}},"loc":{"start":{"line":26,"column":30},"end":{"line":29,"column":3}},"line":26},"4":{"name":"(anonymous_4)","decl":{"start":{"line":31,"column":2},"end":{"line":31,"column":3}},"loc":{"start":{"line":31,"column":46},"end":{"line":37,"column":3}},"line":31},"5":{"name":"(anonymous_5)","decl":{"start":{"line":39,"column":2},"end":{"line":39,"column":3}},"loc":{"start":{"line":39,"column":33},"end":{"line":45,"column":3}},"line":39}},"branchMap":{},"s":{"0":1,"1":0,"2":0,"3":0,"4":0,"5":0,"6":0,"7":0,"8":0,"9":0,"10":0,"11":0,"12":0,"13":0,"14":1},"f":{"0":0,"1":0,"2":0,"3":0,"4":0,"5":0},"b":{},"_coverageSchema":"1a1c01bbd47fc00a2c39e90264f33305004495a9","hash":"6d7773e9640cc334a2fc0fca3d2d43242c7111cf"}
,"D:\\Algocamp\\AlgoCodeBackend\\Algocode-Problem-Service\\src\\utils\\markdownSanitizer.js": {"path":"D:\\Algocamp\\AlgoCodeBackend\\Algocode-Problem-Service\\src\\utils\\markdownSanitizer.js","statementMap":{"0":{"start":{"line":1,"column":15},"end":{"line":1,"column":32}},"1":{"start":{"line":2,"column":28},"end":{"line":2,"column":52}},"2":{"start":{"line":3,"column":24},"end":{"line":3,"column":43}},"3":{"start":{"line":9,"column":28},"end":{"line":9,"column":49}},"4":{"start":{"line":12,"column":26},"end":{"line":12,"column":55}},"5":{"start":{"line":15,"column":26},"end":{"line":17,"column":6}},"6":{"start":{"line":20,"column":30},"end":{"line":20,"column":69}},"7":{"start":{"line":22,"column":4},"end":{"line":22,"column":29}},"8":{"start":{"line":26,"column":0},"end":{"line":26,"column":41}}},"fnMap":{"0":{"name":"sanitizeMarkdownContent","decl":{"start":{"line":7,"column":9},"end":{"line":7,"column":32}},"loc":{"start":{"line":7,"column":50},"end":{"line":24,"column":1}},"line":7}},"branchMap":{},"s":{"0":1,"1":1,"2":1,"3":0,"4":0,"5":0,"6":0,"7":0,"8":1},"f":{"0":0},"b":{},"_coverageSchema":"1a1c01bbd47fc00a2c39e90264f33305004495a9","hash":"fa4aba92765ac9cfe20e9c99d89314714c9325d8"}
}
