TN:
SF:src\controllers\problem.controller.js
FN:8,pingProblemController
FN:12,addProblem
FN:27,getProblem
FN:41,getProblems
FN:56,deleteProblem
FN:71,updateProblem
FNF:6
FNH:1
FNDA:0,pingProblemController
FNDA:0,addProblem
FNDA:0,getProblem
FNDA:1,getProblems
FNDA:0,deleteProblem
FNDA:0,updateProblem
DA:1,1
DA:2,1
DA:3,1
DA:4,1
DA:6,1
DA:9,0
DA:13,0
DA:14,0
DA:15,0
DA:16,0
DA:23,0
DA:28,0
DA:29,0
DA:30,0
DA:37,0
DA:42,1
DA:43,1
DA:45,1
DA:52,0
DA:57,0
DA:58,0
DA:60,0
DA:67,0
DA:72,0
DA:73,0
DA:75,0
DA:82,0
DA:86,1
LF:28
LH:9
BRF:0
BRH:0
end_of_record
TN:
SF:src\errors\base.error.js
FN:2,(anonymous_0)
FNF:1
FNH:0
FNDA:0,(anonymous_0)
DA:3,0
DA:4,0
DA:5,0
DA:6,0
DA:10,1
LF:5
LH:1
BRF:0
BRH:0
end_of_record
TN:
SF:src\errors\notFound.error.js
FN:5,(anonymous_0)
FNF:1
FNH:0
FNDA:0,(anonymous_0)
DA:1,1
DA:2,1
DA:6,0
DA:18,1
LF:4
LH:3
BRF:0
BRH:0
end_of_record
TN:
SF:src\errors\notInplemented.error.js
FN:5,(anonymous_0)
FNF:1
FNH:0
FNDA:0,(anonymous_0)
DA:1,1
DA:2,1
DA:6,0
DA:15,1
LF:4
LH:3
BRF:0
BRH:0
end_of_record
TN:
SF:src\models\index.js
FNF:0
FNH:0
DA:1,1
LF:1
LH:1
BRF:0
BRH:0
end_of_record
TN:
SF:src\models\problem.model.js
FNF:0
FNH:0
DA:1,1
DA:3,1
DA:35,1
DA:37,1
LF:4
LH:4
BRF:0
BRH:0
end_of_record
TN:
SF:src\repositories\index.js
FNF:0
FNH:0
DA:1,1
LF:1
LH:1
BRF:0
BRH:0
end_of_record
TN:
SF:src\repositories\problem.repository.js
FN:6,(anonymous_0)
FN:21,(anonymous_1)
FN:32,(anonymous_2)
FN:45,(anonymous_3)
FN:60,(anonymous_4)
FNF:5
FNH:0
FNDA:0,(anonymous_0)
FNDA:0,(anonymous_1)
FNDA:0,(anonymous_2)
FNDA:0,(anonymous_3)
FNDA:0,(anonymous_4)
DA:2,1
DA:3,1
DA:7,0
DA:8,0
DA:14,0
DA:16,0
DA:17,0
DA:22,0
DA:23,0
DA:25,0
DA:27,0
DA:28,0
DA:33,0
DA:34,0
DA:35,0
DA:36,0
DA:38,0
DA:40,0
DA:41,0
DA:46,0
DA:47,0
DA:53,0
DA:55,0
DA:56,0
DA:61,0
DA:62,0
DA:63,0
DA:65,0
DA:67,0
DA:69,0
DA:70,0
DA:75,1
LF:32
LH:3
BRDA:11,0,0,0
BRDA:11,0,1,0
BRDA:35,1,0,0
BRDA:35,1,1,0
BRDA:50,2,0,0
BRDA:50,2,1,0
BRDA:63,3,0,0
BRDA:63,3,1,0
BRF:8
BRH:0
end_of_record
TN:
SF:src\services\index.js
FNF:0
FNH:0
DA:1,1
LF:1
LH:1
BRF:0
BRH:0
end_of_record
TN:
SF:src\services\problem.service.js
FN:4,(anonymous_0)
FN:8,(anonymous_1)
FN:21,(anonymous_2)
FN:26,(anonymous_3)
FN:31,(anonymous_4)
FN:39,(anonymous_5)
FNF:6
FNH:0
FNDA:0,(anonymous_0)
FNDA:0,(anonymous_1)
FNDA:0,(anonymous_2)
FNDA:0,(anonymous_3)
FNDA:0,(anonymous_4)
FNDA:0,(anonymous_5)
DA:1,1
DA:5,0
DA:11,0
DA:15,0
DA:17,0
DA:22,0
DA:23,0
DA:27,0
DA:28,0
DA:32,0
DA:34,0
DA:36,0
DA:42,0
DA:44,0
DA:48,1
LF:15
LH:2
BRF:0
BRH:0
end_of_record
TN:
SF:src\utils\markdownSanitizer.js
FN:7,sanitizeMarkdownContent
FNF:1
FNH:0
FNDA:0,sanitizeMarkdownContent
DA:1,1
DA:2,1
DA:3,1
DA:9,0
DA:12,0
DA:15,0
DA:20,0
DA:22,0
DA:26,1
LF:9
LH:4
BRF:0
BRH:0
end_of_record
